0000              1   ; ISR_example.asm: a) Increments/decrements a BCD variable every half second using
0000              2   ; an ISR for timer 2; b) Generates a 2kHz square wave at pin P1.7 using
0000              3   ; an ISR for timer 0; and c) in the 'main' loop it displays the variable
0000              4   ; incremented/decremented using the ISR for timer 2 on the LCD.  Also resets it to 
0000              5   ; zero if the 'CLEAR' push button connected to P1.5 is pressed.
                  7   $LIST
0000              9   
0000             10   ;  N76E003 pinout:
0000             11   ;                               -------
0000             12   ;       PWM2/IC6/T0/AIN4/P0.5 -|1    20|- P0.4/AIN5/STADC/PWM3/IC3
0000             13   ;               TXD/AIN3/P0.6 -|2    19|- P0.3/PWM5/IC5/AIN6
0000             14   ;               RXD/AIN2/P0.7 -|3    18|- P0.2/ICPCK/OCDCK/RXD_1/[SCL]
0000             15   ;                    RST/P2.0 -|4    17|- P0.1/PWM4/IC4/MISO
0000             16   ;        INT0/OSCIN/AIN1/P3.0 -|5    16|- P0.0/PWM3/IC3/MOSI/T1
0000             17   ;              INT1/AIN0/P1.7 -|6    15|- P1.0/PWM2/IC2/SPCLK
0000             18   ;                         GND -|7    14|- P1.1/PWM1/IC1/AIN7/CLO
0000             19   ;[SDA]/TXD_1/ICPDA/OCDDA/P1.6 -|8    13|- P1.2/PWM0/IC0
0000             20   ;                         VDD -|9    12|- P1.3/SCL/[STADC]
0000             21   ;            PWM5/IC7/SS/P1.5 -|10   11|- P1.4/SDA/FB/PWM1
0000             22   ;                               -------
0000             23   ;
0000             24   
0000             25   CLK           EQU 16000000 ; Microcontroller system frequency in Hz
0000             26   TIMER0_RATE   EQU 16384     ; 2048Hz squarewave (peak amplitude of CEM-1203 speaker)
0000             27   TIMER0_RELOAD EQU ((65536-(CLK/TIMER0_RATE)))
0000             28   FREQ_CONST         EQU 65536 / TIMER0_RATE
0000             29   
0000             30   
0000             31   SOUND_OUT     equ P1.7
0000             32   
0000             33   cseg
0000             34   
0000             35   ; Reset vector
0000             36   org 0x0000
0000 020195      37       ljmp main
0003             38   
0003             39   ; External interrupt 0 vector (not used in this code)
0003             40   org 0x0003
0003 32          41            reti
0004             42   
0004             43   ; Timer/Counter 0 overflow interrupt vector
000B             44   org 0x000B
000B 020187      45            ljmp Timer0_ISR
000E             46   
000E             47   ; External interrupt 1 vector (not used in this code)
0013             48   org 0x0013
0013 32          49            reti
0014             50   
0014             51   ; Timer/Counter 1 overflow interrupt vector (not used in this code)
001B             52   org 0x001B
001B 32          53            reti
001C             54   
001C             55   ; Serial port receive/transmit interrupt vector (not used in this code)
0023             56   org 0x0023 
0023 32          57            reti
0024             58            
0024             59   ; Timer/Counter 2 overflow interrupt vector
002B             60   org 0x002B
002B 32          61            reti
002C             62   
002C             63   
002C             64   
                 66   $LIST
0171             68   
0171             69   
0171             70   ;---------------------------------;
0171             71   ; Routine to initialize the ISR   ;
0171             72   ; for timer 0                     ;
0171             73   ;---------------------------------;
0171             74   Timer0_Init:
0171 438E08      75            orl CKCON, #0b00001000 ; Input for timer 0 is sysclk/1
0174 E589        76            mov a, TMOD
0176 54F0        77            anl a, #0xf0 ; 11110000 Clear the bits for timer 0
0178 4401        78            orl a, #0x01 ; 00000001 Configure timer 0 as 16-timer
017A F589        79            mov TMOD, a
017C 758CFC      80            mov TH0, #high(TIMER0_RELOAD)
017F 758A30      81            mov TL0, #low(TIMER0_RELOAD)
0182             82            ; Enable the timer and interrupts
0182 D2A9        83       setb ET0  ; Enable timer 0 interrupt
0184 D28C        84       setb TR0  ; Start timer 0
0186 22          85            ret
0187             86   
0187             87   ;---------------------------------;
0187             88   ; ISR for timer 0.  Set to execute;
0187             89   ; every 1/4096Hz to generate a    ;
0187             90   ; 2048 Hz wave at pin SOUND_OUT   ;
0187             91   ;---------------------------------;
0187             92   Timer0_ISR:
0187             93            ;clr TF0  ; According to the data sheet this is done for us already.
0187             94            ; Timer 0 doesn't have 16-bit auto-reload, so
0187 C28C        95            clr TR0
0189 758CFC      96            mov TH0, #high(TIMER0_RELOAD)
018C 758A30      97            mov TL0, #low(TIMER0_RELOAD)
018F D28C        98            setb TR0
0191             99            
0191            100             
0191            101   ; cpl SOUND_OUT ; Connect speaker the pin assigned to 'SOUND_OUT'!
0191 12010B     102            lcall NotesUpdate
0194 32         103            reti
0195            104   
0195            105   
0195            106   ;---------------------------------;
0195            107   ; Main program. Includes hardware ;
0195            108   ; initialization and 'forever'    ;
0195            109   ; loop.                           ;
0195            110   ;---------------------------------;
0195            111   main:
0195            112            ; Initialization
0195 75817F     113       mov SP, #0x7F
0198 75B100     114            mov P0M1, #0x00
019B 75B200     115       mov P0M2, #0x00
019E 75B300     116       mov P1M1, #0x00
01A1 75B400     117       mov P1M2, #0x00
01A4 75AD00     118       mov P3M2, #0x00
01A7 75AD00     119       mov P3M2, #0x00
01AA            120             
01AA 120171     121       lcall Timer0_Init
01AD            122   
01AD            123   
01AD            124   
01AD            125            
01AD            126            ;;;;;;;;;;;;;;;;;;;;;;;;;;;;;;;;;;;;;;;;;;;;;
01AD 12014C     127            lcall NotesInit
01B0            128            
01B0            129   
01B0            130            
01B0            131            
01B0 7401       132            mov a, #1
01B2 7A09       133            mov r2, #high(588 * FREQ_CONST)
01B4 7B30       134            mov r3, #low(588 * FREQ_CONST)
01B6            135            
01B6 120134     136            lcall NoteStart
01B9            137            
01B9 7402       138            mov a, #2
01BB 7A07       139            mov r2, #high(490 * FREQ_CONST)
01BD 7BA8       140            mov r3, #low(490 * FREQ_CONST)
01BF            141            
01BF 120134     142            lcall NoteStart
01C2            143            
01C2 7403       144            mov a, #3
01C4 7A06       145            mov r2, #high(392 * FREQ_CONST)
01C6 7B20       146            mov r3, #low(392 * FREQ_CONST)
01C8            147            
01C8 120134     148            lcall NoteStart
01CB            149            
01CB            150            
01CB            151            ; fout = tuning word * sample rate / 65535
01CB            152            ; tunnig word = 65536 * fout / sample rate
01CB            153            
01CB            154            
01CB D2AF       155            setb EA   ; Enable Global interrupts
01CD            156            ; After initialization the program stays in this 'forever' loop
01CD            157   loop:
01CD 0201CD     158       ljmp loop
01D0            159   END
